Using pre-set license
Built from '2020.3/release' branch; Version is '2020.3.1f1 (77a89f25062f) revision 7841951'; Using compiler version '192528614'; Build Type 'Release'
OS: 'Windows 10 Pro; OS build 19041.388; Version 2004; 64bit' Language: 'es' Physical Memory: 6092 MB
BatchMode: 1, IsHumanControllingUs: 0, StartBugReporterOnCrash: 0, Is64bit: 1, IsPro: 0

 COMMAND LINE ARGUMENTS:
C:\Program Files\Unity Projects\2020.3.1f1\Editor\Unity.exe
-adb2
-batchMode
-noUpm
-name
AssetImportWorker0
-projectPath
C:/Users/Usuario/Documents/GitHub/TheMSVJCannon/TheMSVJCannon
-logFile
Logs/AssetImportWorker0.log
-srvPort
3893
Successfully changed project path to: C:/Users/Usuario/Documents/GitHub/TheMSVJCannon/TheMSVJCannon
C:/Users/Usuario/Documents/GitHub/TheMSVJCannon/TheMSVJCannon
Using Asset Import Pipeline V2.
Refreshing native plugins compatible for Editor in 40.65 ms, found 0 plugins.
Preloading 0 native plugins for Editor in 0.00 ms.
Initialize engine version: 2020.3.1f1 (77a89f25062f)
[Subsystems] Discovering subsystems at path C:/Program Files/Unity Projects/2020.3.1f1/Editor/Data/Resources/UnitySubsystems
[Subsystems] Discovering subsystems at path C:/Users/Usuario/Documents/GitHub/TheMSVJCannon/TheMSVJCannon/Assets
GfxDevice: creating device client; threaded=0
Direct3D:
    Version:  Direct3D 11.0 [level 11.1]
    Renderer: AMD Radeon(TM) Vega 3 Graphics (ID=0x15d8)
    Vendor:   
    VRAM:     3046 MB
    Driver:   27.20.1020.1
Initialize mono
Mono path[0] = 'C:/Program Files/Unity Projects/2020.3.1f1/Editor/Data/Managed'
Mono path[1] = 'C:/Program Files/Unity Projects/2020.3.1f1/Editor/Data/MonoBleedingEdge/lib/mono/unityjit'
Mono config path = 'C:/Program Files/Unity Projects/2020.3.1f1/Editor/Data/MonoBleedingEdge/etc'
Using monoOptions --debugger-agent=transport=dt_socket,embedding=1,server=y,suspend=n,address=127.0.0.1:56436
Begin MonoManager ReloadAssembly
Registering precompiled unity dll's ...
Register platform support module: C:/Program Files/Unity Projects/2020.3.1f1/Editor/Data/PlaybackEngines/WindowsStandaloneSupport/UnityEditor.WindowsStandalone.Extensions.dll
Registered in 0.005154 seconds.
Native extension for WindowsStandalone target not found
Refreshing native plugins compatible for Editor in 38.51 ms, found 0 plugins.
Preloading 0 native plugins for Editor in 0.00 ms.
Invoked RoslynAnalysisRunner static constructor.
RoslynAnalysisRunner will not be running.
RoslynAnalysisRunner has terminated.
Mono: successfully reloaded assembly
- Completed reload, in  2.000 seconds
Platform modules already initialized, skipping
Registering precompiled user dll's ...
Registered in 0.001366 seconds.
Begin MonoManager ReloadAssembly
Native extension for WindowsStandalone target not found
Refreshing native plugins compatible for Editor in 0.52 ms, found 0 plugins.
Preloading 0 native plugins for Editor in 0.00 ms.
Invoked RoslynAnalysisRunner static constructor.
RoslynAnalysisRunner will not be running.
RoslynAnalysisRunner has terminated.
Mono: successfully reloaded assembly
- Completed reload, in  1.311 seconds
Platform modules already initialized, skipping
========================================================================
Worker process is ready to serve import requests
Launched and connected shader compiler UnityShaderCompiler.exe after 0.08 seconds
Refreshing native plugins compatible for Editor in 0.28 ms, found 0 plugins.
Preloading 0 native plugins for Editor in 0.00 ms.
Unloading 1117 Unused Serialized files (Serialized files now loaded: 0)
System memory in use before: 57.1 MB.
System memory in use after: 57.2 MB.

Unloading 10 unused Assets to reduce memory usage. Loaded Objects now: 1559.
Total: 2.713700 ms (FindLiveObjects: 0.352600 ms CreateObjectMapping: 0.141500 ms MarkObjects: 2.105700 ms  DeleteObjects: 0.111900 ms)

========================================================================
Received Import Request.
  path: Assets/Prefabs/TurnOffGravityZone.prefab
  artifactKey: Guid(936d89469df9601459ca57a4e5b197f5) Importer(815301076,1909f56bfc062723c751e8b465ee728b)
Start importing Assets/Prefabs/TurnOffGravityZone.prefab using Guid(936d89469df9601459ca57a4e5b197f5) Importer(815301076,1909f56bfc062723c751e8b465ee728b)  -> (artifact id: 'a2f773d10f31a1dcd6ece676fefe3754') in 0.593669 seconds
  Import took 0.596548 seconds .

========================================================================
Received Import Request.
  Time since last request: 0.000341 seconds.
  path: Assets/Prefabs
  artifactKey: Guid(6b66d434081232547a3497d557957462) Importer(815301076,1909f56bfc062723c751e8b465ee728b)
Start importing Assets/Prefabs using Guid(6b66d434081232547a3497d557957462) Importer(815301076,1909f56bfc062723c751e8b465ee728b)  -> (artifact id: 'ddf8a487ea6c6d0fb62eb75fff19bd07') in 0.005818 seconds
  Import took 0.010295 seconds .

========================================================================
Received Import Request.
  Time since last request: 0.000496 seconds.
  path: Assets/Prefabs/TurnOnGravityZone.prefab
  artifactKey: Guid(70aec94c49f8b5148a175d35016c1c94) Importer(815301076,1909f56bfc062723c751e8b465ee728b)
Start importing Assets/Prefabs/TurnOnGravityZone.prefab using Guid(70aec94c49f8b5148a175d35016c1c94) Importer(815301076,1909f56bfc062723c751e8b465ee728b)  -> (artifact id: '569095a464fc3f43a8a21125ddae1a78') in 0.025119 seconds
  Import took 0.029692 seconds .

========================================================================
Received Import Request.
  Time since last request: 13.518608 seconds.
  path: Assets/Prefabs/GravityChangeZones
  artifactKey: Guid(1d5d1ae5a4b17ae4cba57d5a1dada79a) Importer(815301076,1909f56bfc062723c751e8b465ee728b)
Start importing Assets/Prefabs/GravityChangeZones using Guid(1d5d1ae5a4b17ae4cba57d5a1dada79a) Importer(815301076,1909f56bfc062723c751e8b465ee728b)  -> (artifact id: '15e3dc2cb2a4e609cfd9dff1c17baefa') in 0.115888 seconds
  Import took 0.120303 seconds .

AssetImportWorkerClient::OnTransportError - code=2 error=End of file
